<?xml version="1.0" encoding="UTF-8"?>
<testng-results ignored="0" total="1" passed="1" failed="0" skipped="0">
  <reporter-output>
  </reporter-output>
  <suite started-at="2022-07-04T01:12:40 AEST" name="Default suite" finished-at="2022-07-04T01:13:01 AEST" duration-ms="20874">
    <groups>
    </groups>
    <test started-at="2022-07-04T01:12:40 AEST" name="Default test" finished-at="2022-07-04T01:13:01 AEST" duration-ms="20874">
      <class name="Testcases.Loginapplication">
        <test-method signature="LoginWithFactory()[pri:0, instance:Testcases.Loginapplication@1e04fa0a]" started-at="2022-07-04T01:12:40 AEST" name="LoginWithFactory" finished-at="2022-07-04T01:13:01 AEST" duration-ms="20836" status="PASS">
          <reporter-output>
          </reporter-output>
        </test-method> <!-- LoginWithFactory -->
      </class> <!-- Testcases.Loginapplication -->
    </test> <!-- Default test -->
  </suite> <!-- Default suite -->
</testng-results>
